<?xml version="1.0" encoding="UTF-8"?>
<!-- Generated by org.testng.reporters.JUnitReportReporter -->
<testsuite hostname="DESKTOP-FNF69NB" name="runners.PositiveTest" tests="1" failures="0" timestamp="15 Feb 2018 19:07:32 GMT" time="63.850" errors="1">
  <testcase name="feature" time="63.850" classname="runners.PositiveTest">
    <error type="cucumber.runtime.CucumberException" message="junit.framework.ComparisonFailure: expected:&lt;...1 Series Cars Under [$]1000 for Sale | Cars...&gt; but was:&lt;...1 Series Cars Under []1000 for Sale | Cars...&gt;">
      <![CDATA[cucumber.runtime.CucumberException: junit.framework.ComparisonFailure: expected:<...1 Series Cars Under [$]1000 for Sale | Cars...> but was:<...1 Series Cars Under []1000 for Sale | Cars...>
	at cucumber.api.testng.TestNGCucumberRunner.runCucumber(TestNGCucumberRunner.java:69)
	at cucumber.api.testng.AbstractTestNGCucumberTests.feature(AbstractTestNGCucumberTests.java:21)
	at sun.reflect.NativeMethodAccessorImpl.invoke0(Native Method)
	at sun.reflect.NativeMethodAccessorImpl.invoke(NativeMethodAccessorImpl.java:62)
	at sun.reflect.DelegatingMethodAccessorImpl.invoke(DelegatingMethodAccessorImpl.java:43)
	at java.lang.reflect.Method.invoke(Method.java:498)
	at org.testng.internal.MethodInvocationHelper.invokeMethod(MethodInvocationHelper.java:86)
	at org.testng.internal.Invoker.invokeMethod(Invoker.java:646)
	at org.testng.internal.Invoker.invokeTestMethod(Invoker.java:823)
	at org.testng.internal.Invoker.invokeTestMethods(Invoker.java:1131)
	at org.testng.internal.TestMethodWorker.invokeTestMethods(TestMethodWorker.java:129)
	at org.testng.internal.TestMethodWorker.run(TestMethodWorker.java:112)
	at org.testng.TestRunner.privateRun(TestRunner.java:778)
	at org.testng.TestRunner.run(TestRunner.java:632)
	at org.testng.SuiteRunner.runTest(SuiteRunner.java:366)
	at org.testng.SuiteRunner.runSequentially(SuiteRunner.java:361)
	at org.testng.SuiteRunner.privateRun(SuiteRunner.java:319)
	at org.testng.SuiteRunner.run(SuiteRunner.java:268)
	at org.testng.SuiteRunnerWorker.runSuite(SuiteRunnerWorker.java:52)
	at org.testng.SuiteRunnerWorker.run(SuiteRunnerWorker.java:86)
	at org.testng.TestNG.runSuitesSequentially(TestNG.java:1225)
	at org.testng.TestNG.runSuitesLocally(TestNG.java:1150)
	at org.testng.TestNG.runSuites(TestNG.java:1075)
	at org.testng.TestNG.run(TestNG.java:1047)
	at org.testng.remote.AbstractRemoteTestNG.run(AbstractRemoteTestNG.java:126)
	at org.testng.remote.RemoteTestNG.initAndRun(RemoteTestNG.java:137)
	at org.testng.remote.RemoteTestNG.main(RemoteTestNG.java:58)
Caused by: junit.framework.ComparisonFailure: expected:<...1 Series Cars Under [$]1000 for Sale | Cars...> but was:<...1 Series Cars Under []1000 for Sale | Cars...>
	at junit.framework.Assert.assertEquals(Assert.java:100)
	at junit.framework.Assert.assertEquals(Assert.java:107)
	at steps.SearchCarsSteps.the_page_title_should_be(SearchCarsSteps.java:92)
	at âœ½.And the page title should be "Bmw 1 Series Cars Under $1000 for Sale | CarsGuide"(SearchCars.feature:20)
]]>
    </error>
  </testcase> <!-- feature -->
</testsuite> <!-- runners.PositiveTest -->
